{"C:\\Users\\marko\\OneDrive\\Рабочий стол\\Master\\Example Node js\\models\\bookModel.js": {"path":"C:\\Users\\marko\\OneDrive\\Рабочий стол\\Master\\Example Node js\\models\\bookModel.js","statementMap":{"0":{"start":{"line":4,"column":6},"end":{"line":4,"column":21}},"1":{"start":{"line":5,"column":6},"end":{"line":5,"column":23}},"2":{"start":{"line":6,"column":6},"end":{"line":6,"column":30}},"3":{"start":{"line":7,"column":6},"end":{"line":7,"column":28}},"4":{"start":{"line":8,"column":6},"end":{"line":8,"column":27}},"5":{"start":{"line":14,"column":7},"end":{"line":14,"column":30}},"6":{"start":{"line":18,"column":8},"end":{"line":18,"column":26}},"7":{"start":{"line":19,"column":8},"end":{"line":19,"column":20}},"8":{"start":{"line":23,"column":8},"end":{"line":23,"column":30}},"9":{"start":{"line":24,"column":8},"end":{"line":24,"column":20}},"10":{"start":{"line":28,"column":8},"end":{"line":28,"column":44}},"11":{"start":{"line":29,"column":8},"end":{"line":29,"column":20}},"12":{"start":{"line":33,"column":8},"end":{"line":33,"column":40}},"13":{"start":{"line":34,"column":8},"end":{"line":34,"column":20}},"14":{"start":{"line":38,"column":8},"end":{"line":38,"column":38}},"15":{"start":{"line":39,"column":8},"end":{"line":39,"column":20}},"16":{"start":{"line":43,"column":8},"end":{"line":43,"column":25}},"17":{"start":{"line":49,"column":8},"end":{"line":49,"column":27}},"18":{"start":{"line":53,"column":8},"end":{"line":53,"column":31}},"19":{"start":{"line":54,"column":8},"end":{"line":54,"column":20}},"20":{"start":{"line":57,"column":18},"end":{"line":57,"column":57}},"21":{"start":{"line":57,"column":42},"end":{"line":57,"column":56}},"22":{"start":{"line":58,"column":8},"end":{"line":58,"column":19}},"23":{"start":{"line":61,"column":8},"end":{"line":61,"column":37}},"24":{"start":{"line":62,"column":8},"end":{"line":62,"column":20}},"25":{"start":{"line":65,"column":8},"end":{"line":65,"column":30}},"26":{"start":{"line":66,"column":8},"end":{"line":66,"column":24}},"27":{"start":{"line":67,"column":8},"end":{"line":67,"column":20}},"28":{"start":{"line":72,"column":4},"end":{"line":72,"column":42}},"29":{"start":{"line":76,"column":4},"end":{"line":76,"column":23}},"30":{"start":{"line":79,"column":0},"end":{"line":82,"column":1}}},"fnMap":{"0":{"name":"(anonymous_0)","decl":{"start":{"line":3,"column":4},"end":{"line":3,"column":5}},"loc":{"start":{"line":3,"column":18},"end":{"line":9,"column":5}},"line":3},"1":{"name":"(anonymous_1)","decl":{"start":{"line":13,"column":4},"end":{"line":13,"column":5}},"loc":{"start":{"line":13,"column":18},"end":{"line":15,"column":5}},"line":13},"2":{"name":"(anonymous_2)","decl":{"start":{"line":17,"column":4},"end":{"line":17,"column":5}},"loc":{"start":{"line":17,"column":13},"end":{"line":20,"column":5}},"line":17},"3":{"name":"(anonymous_3)","decl":{"start":{"line":22,"column":4},"end":{"line":22,"column":5}},"loc":{"start":{"line":22,"column":17},"end":{"line":25,"column":5}},"line":22},"4":{"name":"(anonymous_4)","decl":{"start":{"line":27,"column":4},"end":{"line":27,"column":5}},"loc":{"start":{"line":27,"column":31},"end":{"line":30,"column":5}},"line":27},"5":{"name":"(anonymous_5)","decl":{"start":{"line":32,"column":4},"end":{"line":32,"column":5}},"loc":{"start":{"line":32,"column":27},"end":{"line":35,"column":5}},"line":32},"6":{"name":"(anonymous_6)","decl":{"start":{"line":37,"column":4},"end":{"line":37,"column":5}},"loc":{"start":{"line":37,"column":25},"end":{"line":40,"column":5}},"line":37},"7":{"name":"(anonymous_7)","decl":{"start":{"line":42,"column":4},"end":{"line":42,"column":5}},"loc":{"start":{"line":42,"column":12},"end":{"line":44,"column":5}},"line":42},"8":{"name":"(anonymous_8)","decl":{"start":{"line":48,"column":4},"end":{"line":48,"column":5}},"loc":{"start":{"line":48,"column":22},"end":{"line":50,"column":5}},"line":48},"9":{"name":"(anonymous_9)","decl":{"start":{"line":52,"column":4},"end":{"line":52,"column":5}},"loc":{"start":{"line":52,"column":15},"end":{"line":55,"column":5}},"line":52},"10":{"name":"(anonymous_10)","decl":{"start":{"line":56,"column":4},"end":{"line":56,"column":5}},"loc":{"start":{"line":56,"column":12},"end":{"line":59,"column":5}},"line":56},"11":{"name":"(anonymous_11)","decl":{"start":{"line":57,"column":34},"end":{"line":57,"column":35}},"loc":{"start":{"line":57,"column":42},"end":{"line":57,"column":56}},"line":57},"12":{"name":"(anonymous_12)","decl":{"start":{"line":60,"column":4},"end":{"line":60,"column":5}},"loc":{"start":{"line":60,"column":15},"end":{"line":63,"column":5}},"line":60},"13":{"name":"(anonymous_13)","decl":{"start":{"line":64,"column":4},"end":{"line":64,"column":5}},"loc":{"start":{"line":64,"column":18},"end":{"line":68,"column":5}},"line":64},"14":{"name":"getBooksStorage","decl":{"start":{"line":71,"column":9},"end":{"line":71,"column":24}},"loc":{"start":{"line":71,"column":27},"end":{"line":73,"column":1}},"line":71},"15":{"name":"getBookBuilderClass","decl":{"start":{"line":75,"column":9},"end":{"line":75,"column":28}},"loc":{"start":{"line":75,"column":31},"end":{"line":77,"column":1}},"line":75}},"branchMap":{},"s":{"0":18,"1":18,"2":18,"3":18,"4":18,"5":18,"6":18,"7":18,"8":18,"9":18,"10":18,"11":18,"12":18,"13":18,"14":18,"15":18,"16":18,"17":4,"18":2,"19":2,"20":4,"21":13,"22":4,"23":2,"24":2,"25":1,"26":1,"27":1,"28":4,"29":6,"30":1},"f":{"0":18,"1":18,"2":18,"3":18,"4":18,"5":18,"6":18,"7":18,"8":4,"9":2,"10":4,"11":13,"12":2,"13":1,"14":4,"15":6},"b":{},"_coverageSchema":"1a1c01bbd47fc00a2c39e90264f33305004495a9","hash":"97651ba93a301c7d1824f31ad5419e9f43301920"}
}
