TN:
SF:models\bookModel.js
FN:3,(anonymous_0)
FN:13,(anonymous_1)
FN:17,(anonymous_2)
FN:22,(anonymous_3)
FN:27,(anonymous_4)
FN:32,(anonymous_5)
FN:37,(anonymous_6)
FN:42,(anonymous_7)
FN:48,(anonymous_8)
FN:52,(anonymous_9)
FN:56,(anonymous_10)
FN:57,(anonymous_11)
FN:60,(anonymous_12)
FN:64,(anonymous_13)
FN:71,getBooksStorage
FN:75,getBookBuilderClass
FNF:16
FNH:16
FNDA:18,(anonymous_0)
FNDA:18,(anonymous_1)
FNDA:18,(anonymous_2)
FNDA:18,(anonymous_3)
FNDA:18,(anonymous_4)
FNDA:18,(anonymous_5)
FNDA:18,(anonymous_6)
FNDA:18,(anonymous_7)
FNDA:4,(anonymous_8)
FNDA:2,(anonymous_9)
FNDA:4,(anonymous_10)
FNDA:13,(anonymous_11)
FNDA:2,(anonymous_12)
FNDA:1,(anonymous_13)
FNDA:4,getBooksStorage
FNDA:6,getBookBuilderClass
DA:4,18
DA:5,18
DA:6,18
DA:7,18
DA:8,18
DA:14,18
DA:18,18
DA:19,18
DA:23,18
DA:24,18
DA:28,18
DA:29,18
DA:33,18
DA:34,18
DA:38,18
DA:39,18
DA:43,18
DA:49,4
DA:53,2
DA:54,2
DA:57,13
DA:58,4
DA:61,2
DA:62,2
DA:65,1
DA:66,1
DA:67,1
DA:72,4
DA:76,6
DA:79,1
LF:30
LH:30
BRF:0
BRH:0
end_of_record
